<?xml version="1.0" encoding="UTF-8"?>
<testng-results ignored="0" total="1" passed="1" failed="0" skipped="0">
  <reporter-output>
  </reporter-output>
  <suite started-at="2026-01-02T19:55:21 IST" name="Default suite" finished-at="2026-01-02T19:57:17 IST" duration-ms="115784">
    <groups>
    </groups>
    <test started-at="2026-01-02T19:55:21 IST" name="Default test" finished-at="2026-01-02T19:57:17 IST" duration-ms="115784">
      <class name="ObjectRepoDemo.ObjTestDemo">
        <test-method signature="CofigRead()[pri:0, instance:ObjectRepoDemo.ObjTestDemo@31e75d13]" started-at="2026-01-02T19:55:21 IST" name="CofigRead" finished-at="2026-01-02T19:57:17 IST" duration-ms="115610" status="PASS">
          <reporter-output>
          </reporter-output>
        </test-method> <!-- CofigRead -->
      </class> <!-- ObjectRepoDemo.ObjTestDemo -->
    </test> <!-- Default test -->
  </suite> <!-- Default suite -->
</testng-results>
